iMPACT Version: Jan  6 2012 20:13:43

iMPACT log file Started on Wed Sep  4 09:07:07 2013

Preference Table
Name                 Setting             
StartupClock         Auto_Correction     
AutoSignature        False               
KeepSVF              False               
ConcurrentMode       False               
UseHighz             False               
ConfigOnFailure      Stop                
UserLevel            Novice              
MessageLevel         Detailed            
svfUseTime           false               
SpiByteSwap          Auto_Correction     
AutoInfer            false               
SvfPlayDisplayComments false               
AutoDetecting cable. Please wait.
Connecting to cable (Usb Port - USB21).
Checking cable driver.
File version of /opt/Xilinx/13.4/ISE_DS/ISE/bin/lin64/xusbdfwu.hex = 1030.
File version of /usr/share/xusbdfwu.hex = 1030.
 Using libusb.
 Kernel release = 2.6.35.14-106.fc14.x86_64.
 Max current requested during enumeration is 300 mA.
Type = 0x0005.
 Cable Type = 3, Revision = 0.
 Setting cable speed to 6 MHz.
Cable connection established.
Firmware version = 2401.
File version of /opt/Xilinx/13.4/ISE_DS/ISE/data/xusb_xp2.hex = 2401.
Firmware hex file version = 2401.
PLD file version = 200Dh.
 PLD version = 200Dh.
Type = 0x0005.
ESN option: 0000153ACE1A01.
Identifying chain contents...'0': : Manufacturer's ID = Xilinx xc2c256, Version : 1
INFO:iMPACT:1777 - 
   Reading /opt/Xilinx/13.4/ISE_DS/ISE/xbr/data/xc2c256.bsd...
INFO:iMPACT:501 - '1': Added Device xc2c256 successfully.
----------------------------------------------------------------------
----------------------------------------------------------------------
'1': : Manufacturer's ID = Xilinx xc5vtx240t, Version : 0
INFO:iMPACT:1777 - 
   Reading /opt/Xilinx/13.4/ISE_DS/ISE/virtex5/data/xc5vtx240t.bsd...
INFO:iMPACT:501 - '1': Added Device xc5vtx240t successfully.
----------------------------------------------------------------------
----------------------------------------------------------------------
done.
Elapsed time =      0 sec.
Elapsed time =      0 sec.
Elapsed time =      0 sec.
Elapsed time =      0 sec.
'1': Loading file'/root/NetFPGA-10G-live/projects/crypto_nic_solution/bitfiles/crypto_nic_solution.bit' ...
done.
INFO:iMPACT:2257 - Startup Clock has been changed to 'JtagClk' in the bitstream   stored in memory,
   but the original bitstream file remains unchanged.
UserID read from the bitstream file = 0xFFFFFFFF.
----------------------------------------------------------------------
INFO:iMPACT:501 - '1': Added Device xc5vtx240t successfully.
----------------------------------------------------------------------
----------------------------------------------------------------------
Maximum TCK operating frequency for this device chain: 33000000.
Validating chain...
Boundary-scan chain validated successfully.
1: Device Temperature: Current Reading:   51.36 C, Min. Reading:   45.45 C, Max.Reading:   51.85 C
1: VCCINT Supply: Current Reading:   0.970 V, Min. Reading:   0.970 V, Max.Reading:   0.999 V
1: VCCAUX Supply: Current Reading:   2.528 V, Min. Reading:   2.528 V, Max.Reading:   2.531 V
'1': Programming device...
 Match_cycle = NoWait.
Match cycle: NoWait
 LCK_cycle = NoWait.
LCK cycle: NoWait
done.
INFO:iMPACT:2219 - Status register values:
INFO:iMPACT - 0011 1111 0111 1110 0000 1011 1100 0000 
INFO:iMPACT:579 - '1': Completed downloading bit file to device.
INFO:iMPACT:188 - '1': Programming completed successfully.
 Match_cycle = NoWait.
Match cycle: NoWait
 LCK_cycle = NoWait.
LCK cycle: NoWait
INFO:iMPACT - '1': Checking done pin....done.
'1': Programmed successfully.
Elapsed time =     24 sec.
----------------------------------------------------------------------
----------------------------------------------------------------------
